This file contains any messages produced by compilers while
running configure, to aid debugging if configure makes a mistake.

It was created by qd configure 2.3.12, which was
generated by GNU Autoconf 2.61.  Invocation command line was

  $ ./configure --no-create --no-recursion

## --------- ##
## Platform. ##
## --------- ##

hostname = sally.phy-astr.gsu.edu
uname -m = x86_64
uname -r = 11.2.0
uname -s = Darwin
uname -v = Darwin Kernel Version 11.2.0: Tue Aug  9 20:54:00 PDT 2011; root:xnu-1699.24.8~1/RELEASE_X86_64

/usr/bin/uname -p = i386
/bin/uname -X     = unknown

/bin/arch              = unknown
/usr/bin/arch -k       = unknown
/usr/convex/getsysinfo = unknown
/usr/bin/hostinfo      = Mach kernel version:
	 Darwin Kernel Version 11.2.0: Tue Aug  9 20:54:00 PDT 2011; root:xnu-1699.24.8~1/RELEASE_X86_64
Kernel configured for up to 2 processors.
2 processors are physically available.
2 processors are logically available.
Processor type: i486 (Intel 80486)
Processors active: 0 1
Primary memory available: 4.00 gigabytes
Default processor set: 115 tasks, 569 threads, 2 processors
Load average: 4.65, Mach factor: 0.39
/bin/machine           = unknown
/usr/bin/oslevel       = unknown
/bin/universe          = unknown

PATH: /usr/texbin
PATH: /Users/Greggory/.rvm/gems/ruby-1.9.2-head/bin
PATH: /Users/Greggory/.rvm/gems/ruby-1.9.2-head@global/bin
PATH: /Users/Greggory/.rvm/rubies/ruby-1.9.2-head/bin
PATH: /Users/Greggory/.rvm/bin
PATH: /opt/local/bin
PATH: /opt/local/sbin
PATH: /opt/local/bin
PATH: /opt/local/sbin
PATH: /usr/local/fsl/bin
PATH: /usr/bin
PATH: /bin
PATH: /usr/sbin
PATH: /sbin
PATH: /usr/local/bin
PATH: /usr/X11/bin
PATH: /usr/local/git/bin/


## ----------- ##
## Core tests. ##
## ----------- ##

configure:1856: checking for a BSD-compatible install
configure:1912: result: /usr/bin/install -c
configure:1923: checking whether build environment is sane
configure:1966: result: yes
configure:1994: checking for a thread-safe mkdir -p
configure:2033: result: config/install-sh -c -d
configure:2046: checking for gawk
configure:2076: result: no
configure:2046: checking for mawk
configure:2076: result: no
configure:2046: checking for nawk
configure:2076: result: no
configure:2046: checking for awk
configure:2062: found /usr/bin/awk
configure:2073: result: awk
configure:2084: checking whether make sets $(MAKE)
configure:2105: result: yes
configure:2304: checking build system type
configure:2322: result: i386-apple-darwin11.2.0
configure:2344: checking host system type
configure:2359: result: i386-apple-darwin11.2.0
configure:2389: checking if commonly used function is to be inlined
configure:2399: result: yes
configure:2408: checking if addition with IEEE-style error bound is to be used
configure:2419: result: no
configure:2428: checking if sloppy multiplication is to be used
configure:2438: result: yes
configure:2447: checking if sloppy division is to be used
configure:2457: result: yes
configure:2467: checking if debugging code is to be enabled
configure:2478: result: no
configure:2487: checking if compiler warnings is to be enabled
configure:2492: result: no
configure:2578: checking for xlC_r
configure:2608: result: no
configure:2578: checking for xlC
configure:2608: result: no
configure:2578: checking for icpc
configure:2608: result: no
configure:2578: checking for pathCC
configure:2608: result: no
configure:2578: checking for c++
configure:2594: found /usr/bin/c++
configure:2605: result: c++
configure:2636: checking for C++ compiler version
configure:2643: c++ --version >&5
i686-apple-darwin11-llvm-g++-4.2 (GCC) 4.2.1 (Based on Apple Inc. build 5658) (LLVM build 2335.15.00)
Copyright (C) 2007 Free Software Foundation, Inc.
This is free software; see the source for copying conditions.  There is NO
warranty; not even for MERCHANTABILITY or FITNESS FOR A PARTICULAR PURPOSE.

configure:2646: $? = 0
configure:2653: c++ -v >&5
Using built-in specs.
Target: i686-apple-darwin11
Configured with: /private/var/tmp/llvmgcc42/llvmgcc42-2335.15~25/src/configure --disable-checking --enable-werror --prefix=/Developer/usr/llvm-gcc-4.2 --mandir=/share/man --enable-languages=c,objc,c++,obj-c++ --program-prefix=llvm- --program-transform-name=/^[cg][^.-]*$/s/$/-4.2/ --with-slibdir=/usr/lib --build=i686-apple-darwin11 --enable-llvm=/private/var/tmp/llvmgcc42/llvmgcc42-2335.15~25/dst-llvmCore/Developer/usr/local --program-prefix=i686-apple-darwin11- --host=x86_64-apple-darwin11 --target=i686-apple-darwin11 --with-gxx-include-dir=/usr/include/c++/4.2.1
Thread model: posix
gcc version 4.2.1 (Based on Apple Inc. build 5658) (LLVM build 2335.15.00)
configure:2656: $? = 0
configure:2663: c++ -V >&5
llvm-g++-4.2: argument to `-V' is missing
configure:2666: $? = 1
configure:2689: checking for C++ compiler default output file name
configure:2716: c++ -O2   conftest.cpp  >&5
configure:2719: $? = 0
configure:2757: result: a.out
configure:2774: checking whether the C++ compiler works
configure:2784: ./a.out
configure:2787: $? = 0
configure:2804: result: yes
configure:2811: checking whether we are cross compiling
configure:2813: result: no
configure:2816: checking for suffix of executables
configure:2823: c++ -o conftest -O2   conftest.cpp  >&5
configure:2826: $? = 0
configure:2850: result: 
configure:2856: checking for suffix of object files
configure:2882: c++ -c -O2  conftest.cpp >&5
configure:2885: $? = 0
configure:2908: result: o
configure:2912: checking whether we are using the GNU C++ compiler
configure:2941: c++ -c -O2  conftest.cpp >&5
configure:2947: $? = 0
configure:2964: result: yes
configure:2969: checking whether c++ accepts -g
configure:2999: c++ -c -g  conftest.cpp >&5
configure:3005: $? = 0
configure:3104: result: yes
configure:3138: checking for style of include used by make
configure:3166: result: GNU
configure:3191: checking dependency style of c++
configure:3282: result: gcc3
configure:3348: checking for gcc
configure:3375: result: c++
configure:3613: checking for C compiler version
configure:3620: c++ --version >&5
i686-apple-darwin11-llvm-g++-4.2 (GCC) 4.2.1 (Based on Apple Inc. build 5658) (LLVM build 2335.15.00)
Copyright (C) 2007 Free Software Foundation, Inc.
This is free software; see the source for copying conditions.  There is NO
warranty; not even for MERCHANTABILITY or FITNESS FOR A PARTICULAR PURPOSE.

configure:3623: $? = 0
configure:3630: c++ -v >&5
Using built-in specs.
Target: i686-apple-darwin11
Configured with: /private/var/tmp/llvmgcc42/llvmgcc42-2335.15~25/src/configure --disable-checking --enable-werror --prefix=/Developer/usr/llvm-gcc-4.2 --mandir=/share/man --enable-languages=c,objc,c++,obj-c++ --program-prefix=llvm- --program-transform-name=/^[cg][^.-]*$/s/$/-4.2/ --with-slibdir=/usr/lib --build=i686-apple-darwin11 --enable-llvm=/private/var/tmp/llvmgcc42/llvmgcc42-2335.15~25/dst-llvmCore/Developer/usr/local --program-prefix=i686-apple-darwin11- --host=x86_64-apple-darwin11 --target=i686-apple-darwin11 --with-gxx-include-dir=/usr/include/c++/4.2.1
Thread model: posix
gcc version 4.2.1 (Based on Apple Inc. build 5658) (LLVM build 2335.15.00)
configure:3633: $? = 0
configure:3640: c++ -V >&5
llvm-g++-4.2: argument to `-V' is missing
configure:3643: $? = 1
configure:3646: checking whether we are using the GNU C compiler
configure:3675: c++ -c   conftest.c >&5
configure:3681: $? = 0
configure:3698: result: yes
configure:3703: checking whether c++ accepts -g
configure:3733: c++ -c -g  conftest.c >&5
configure:3739: $? = 0
configure:3838: result: yes
configure:3855: checking for c++ option to accept ISO C89
configure:3929: c++  -c -g -O2  conftest.c >&5
conftest.c:23: error: 'p' was not declared in this scope
conftest.c:23: error: 'i' was not declared in this scope
conftest.c:23: error: initializer expression list treated as compound expression
conftest.c:24: error: expected ',' or ';' before 'char'
conftest.c:26: error: expected unqualified-id before '{' token
conftest.c: In function 'int main()':
conftest.c:62: error: cannot convert 'char*' to 'char* (*)(char**, int)' for argument '1' to 'char* f(char* (*)(char**, int), char**, ...)'
conftest.c:62: error: cannot convert 'char*' to 'char* (*)(char**, int)' for argument '1' to 'char* f(char* (*)(char**, int), char**, ...)'
configure:3935: $? = 1
configure: failed program was:
| /* confdefs.h.  */
| #define PACKAGE_NAME "qd"
| #define PACKAGE_TARNAME "qd"
| #define PACKAGE_VERSION "2.3.12"
| #define PACKAGE_STRING "qd 2.3.12"
| #define PACKAGE_BUGREPORT "yozo@cs.berkeley.edu"
| #define MAJOR_VERSION 2
| #define MINOR_VERSION 3
| #define PATCH_VERSION 12
| #define PACKAGE "qd"
| #define VERSION "2.3.12"
| #define QD_INLINE 1
| #define QD_SLOPPY_MUL 1
| #define QD_SLOPPY_DIV 1
| /* end confdefs.h.  */
| #include <stdarg.h>
| #include <stdio.h>
| #include <sys/types.h>
| #include <sys/stat.h>
| /* Most of the following tests are stolen from RCS 5.7's src/conf.sh.  */
| struct buf { int x; };
| FILE * (*rcsopen) (struct buf *, struct stat *, int);
| static char *e (p, i)
|      char **p;
|      int i;
| {
|   return p[i];
| }
| static char *f (char * (*g) (char **, int), char **p, ...)
| {
|   char *s;
|   va_list v;
|   va_start (v,p);
|   s = g (p, va_arg (v,int));
|   va_end (v);
|   return s;
| }
| 
| /* OSF 4.0 Compaq cc is some sort of almost-ANSI by default.  It has
|    function prototypes and stuff, but not '\xHH' hex character constants.
|    These don't provoke an error unfortunately, instead are silently treated
|    as 'x'.  The following induces an error, until -std is added to get
|    proper ANSI mode.  Curiously '\x00'!='x' always comes out true, for an
|    array size at least.  It's necessary to write '\x00'==0 to get something
|    that's true only with -std.  */
| int osf4_cc_array ['\x00' == 0 ? 1 : -1];
| 
| /* IBM C 6 for AIX is almost-ANSI by default, but it replaces macro parameters
|    inside strings and character constants.  */
| #define FOO(x) 'x'
| int xlc6_cc_array[FOO(a) == 'x' ? 1 : -1];
| 
| int test (int i, double x);
| struct s1 {int (*f) (int a);};
| struct s2 {int (*f) (double a);};
| int pairnames (int, char **, FILE *(*)(struct buf *, struct stat *, int), int, int);
| int argc;
| char **argv;
| int
| main ()
| {
| return f (e, argv, 0) != argv[0]  ||  f (e, argv, 1) != argv[1];
|   ;
|   return 0;
| }
configure:3929: c++ -qlanglvl=extc89 -c -g -O2  conftest.c >&5
conftest.c:23: error: 'p' was not declared in this scope
conftest.c:23: error: 'i' was not declared in this scope
conftest.c:23: error: initializer expression list treated as compound expression
conftest.c:24: error: expected ',' or ';' before 'char'
conftest.c:26: error: expected unqualified-id before '{' token
conftest.c: In function 'int main()':
conftest.c:62: error: cannot convert 'char*' to 'char* (*)(char**, int)' for argument '1' to 'char* f(char* (*)(char**, int), char**, ...)'
conftest.c:62: error: cannot convert 'char*' to 'char* (*)(char**, int)' for argument '1' to 'char* f(char* (*)(char**, int), char**, ...)'
configure:3935: $? = 1
configure: failed program was:
| /* confdefs.h.  */
| #define PACKAGE_NAME "qd"
| #define PACKAGE_TARNAME "qd"
| #define PACKAGE_VERSION "2.3.12"
| #define PACKAGE_STRING "qd 2.3.12"
| #define PACKAGE_BUGREPORT "yozo@cs.berkeley.edu"
| #define MAJOR_VERSION 2
| #define MINOR_VERSION 3
| #define PATCH_VERSION 12
| #define PACKAGE "qd"
| #define VERSION "2.3.12"
| #define QD_INLINE 1
| #define QD_SLOPPY_MUL 1
| #define QD_SLOPPY_DIV 1
| /* end confdefs.h.  */
| #include <stdarg.h>
| #include <stdio.h>
| #include <sys/types.h>
| #include <sys/stat.h>
| /* Most of the following tests are stolen from RCS 5.7's src/conf.sh.  */
| struct buf { int x; };
| FILE * (*rcsopen) (struct buf *, struct stat *, int);
| static char *e (p, i)
|      char **p;
|      int i;
| {
|   return p[i];
| }
| static char *f (char * (*g) (char **, int), char **p, ...)
| {
|   char *s;
|   va_list v;
|   va_start (v,p);
|   s = g (p, va_arg (v,int));
|   va_end (v);
|   return s;
| }
| 
| /* OSF 4.0 Compaq cc is some sort of almost-ANSI by default.  It has
|    function prototypes and stuff, but not '\xHH' hex character constants.
|    These don't provoke an error unfortunately, instead are silently treated
|    as 'x'.  The following induces an error, until -std is added to get
|    proper ANSI mode.  Curiously '\x00'!='x' always comes out true, for an
|    array size at least.  It's necessary to write '\x00'==0 to get something
|    that's true only with -std.  */
| int osf4_cc_array ['\x00' == 0 ? 1 : -1];
| 
| /* IBM C 6 for AIX is almost-ANSI by default, but it replaces macro parameters
|    inside strings and character constants.  */
| #define FOO(x) 'x'
| int xlc6_cc_array[FOO(a) == 'x' ? 1 : -1];
| 
| int test (int i, double x);
| struct s1 {int (*f) (int a);};
| struct s2 {int (*f) (double a);};
| int pairnames (int, char **, FILE *(*)(struct buf *, struct stat *, int), int, int);
| int argc;
| char **argv;
| int
| main ()
| {
| return f (e, argv, 0) != argv[0]  ||  f (e, argv, 1) != argv[1];
|   ;
|   return 0;
| }
configure:3929: c++ -qlanglvl=ansi -c -g -O2  conftest.c >&5
conftest.c:23: error: 'p' was not declared in this scope
conftest.c:23: error: 'i' was not declared in this scope
conftest.c:23: error: initializer expression list treated as compound expression
conftest.c:24: error: expected ',' or ';' before 'char'
conftest.c:26: error: expected unqualified-id before '{' token
conftest.c: In function 'int main()':
conftest.c:62: error: cannot convert 'char*' to 'char* (*)(char**, int)' for argument '1' to 'char* f(char* (*)(char**, int), char**, ...)'
conftest.c:62: error: cannot convert 'char*' to 'char* (*)(char**, int)' for argument '1' to 'char* f(char* (*)(char**, int), char**, ...)'
configure:3935: $? = 1
configure: failed program was:
| /* confdefs.h.  */
| #define PACKAGE_NAME "qd"
| #define PACKAGE_TARNAME "qd"
| #define PACKAGE_VERSION "2.3.12"
| #define PACKAGE_STRING "qd 2.3.12"
| #define PACKAGE_BUGREPORT "yozo@cs.berkeley.edu"
| #define MAJOR_VERSION 2
| #define MINOR_VERSION 3
| #define PATCH_VERSION 12
| #define PACKAGE "qd"
| #define VERSION "2.3.12"
| #define QD_INLINE 1
| #define QD_SLOPPY_MUL 1
| #define QD_SLOPPY_DIV 1
| /* end confdefs.h.  */
| #include <stdarg.h>
| #include <stdio.h>
| #include <sys/types.h>
| #include <sys/stat.h>
| /* Most of the following tests are stolen from RCS 5.7's src/conf.sh.  */
| struct buf { int x; };
| FILE * (*rcsopen) (struct buf *, struct stat *, int);
| static char *e (p, i)
|      char **p;
|      int i;
| {
|   return p[i];
| }
| static char *f (char * (*g) (char **, int), char **p, ...)
| {
|   char *s;
|   va_list v;
|   va_start (v,p);
|   s = g (p, va_arg (v,int));
|   va_end (v);
|   return s;
| }
| 
| /* OSF 4.0 Compaq cc is some sort of almost-ANSI by default.  It has
|    function prototypes and stuff, but not '\xHH' hex character constants.
|    These don't provoke an error unfortunately, instead are silently treated
|    as 'x'.  The following induces an error, until -std is added to get
|    proper ANSI mode.  Curiously '\x00'!='x' always comes out true, for an
|    array size at least.  It's necessary to write '\x00'==0 to get something
|    that's true only with -std.  */
| int osf4_cc_array ['\x00' == 0 ? 1 : -1];
| 
| /* IBM C 6 for AIX is almost-ANSI by default, but it replaces macro parameters
|    inside strings and character constants.  */
| #define FOO(x) 'x'
| int xlc6_cc_array[FOO(a) == 'x' ? 1 : -1];
| 
| int test (int i, double x);
| struct s1 {int (*f) (int a);};
| struct s2 {int (*f) (double a);};
| int pairnames (int, char **, FILE *(*)(struct buf *, struct stat *, int), int, int);
| int argc;
| char **argv;
| int
| main ()
| {
| return f (e, argv, 0) != argv[0]  ||  f (e, argv, 1) != argv[1];
|   ;
|   return 0;
| }
configure:3929: c++ -std -c -g -O2  conftest.c >&5
cc1plus: error: unrecognized command line option "-std"
configure:3935: $? = 1
configure: failed program was:
| /* confdefs.h.  */
| #define PACKAGE_NAME "qd"
| #define PACKAGE_TARNAME "qd"
| #define PACKAGE_VERSION "2.3.12"
| #define PACKAGE_STRING "qd 2.3.12"
| #define PACKAGE_BUGREPORT "yozo@cs.berkeley.edu"
| #define MAJOR_VERSION 2
| #define MINOR_VERSION 3
| #define PATCH_VERSION 12
| #define PACKAGE "qd"
| #define VERSION "2.3.12"
| #define QD_INLINE 1
| #define QD_SLOPPY_MUL 1
| #define QD_SLOPPY_DIV 1
| /* end confdefs.h.  */
| #include <stdarg.h>
| #include <stdio.h>
| #include <sys/types.h>
| #include <sys/stat.h>
| /* Most of the following tests are stolen from RCS 5.7's src/conf.sh.  */
| struct buf { int x; };
| FILE * (*rcsopen) (struct buf *, struct stat *, int);
| static char *e (p, i)
|      char **p;
|      int i;
| {
|   return p[i];
| }
| static char *f (char * (*g) (char **, int), char **p, ...)
| {
|   char *s;
|   va_list v;
|   va_start (v,p);
|   s = g (p, va_arg (v,int));
|   va_end (v);
|   return s;
| }
| 
| /* OSF 4.0 Compaq cc is some sort of almost-ANSI by default.  It has
|    function prototypes and stuff, but not '\xHH' hex character constants.
|    These don't provoke an error unfortunately, instead are silently treated
|    as 'x'.  The following induces an error, until -std is added to get
|    proper ANSI mode.  Curiously '\x00'!='x' always comes out true, for an
|    array size at least.  It's necessary to write '\x00'==0 to get something
|    that's true only with -std.  */
| int osf4_cc_array ['\x00' == 0 ? 1 : -1];
| 
| /* IBM C 6 for AIX is almost-ANSI by default, but it replaces macro parameters
|    inside strings and character constants.  */
| #define FOO(x) 'x'
| int xlc6_cc_array[FOO(a) == 'x' ? 1 : -1];
| 
| int test (int i, double x);
| struct s1 {int (*f) (int a);};
| struct s2 {int (*f) (double a);};
| int pairnames (int, char **, FILE *(*)(struct buf *, struct stat *, int), int, int);
| int argc;
| char **argv;
| int
| main ()
| {
| return f (e, argv, 0) != argv[0]  ||  f (e, argv, 1) != argv[1];
|   ;
|   return 0;
| }
configure:3929: c++ -Ae -c -g -O2  conftest.c >&5
<command-line>: error: missing '(' after predicate
conftest.c:23: error: 'p' was not declared in this scope
conftest.c:23: error: 'i' was not declared in this scope
conftest.c:23: error: initializer expression list treated as compound expression
conftest.c:24: error: expected ',' or ';' before 'char'
conftest.c:26: error: expected unqualified-id before '{' token
conftest.c: In function 'int main()':
conftest.c:62: error: cannot convert 'char*' to 'char* (*)(char**, int)' for argument '1' to 'char* f(char* (*)(char**, int), char**, ...)'
conftest.c:62: error: cannot convert 'char*' to 'char* (*)(char**, int)' for argument '1' to 'char* f(char* (*)(char**, int), char**, ...)'
configure:3935: $? = 1
configure: failed program was:
| /* confdefs.h.  */
| #define PACKAGE_NAME "qd"
| #define PACKAGE_TARNAME "qd"
| #define PACKAGE_VERSION "2.3.12"
| #define PACKAGE_STRING "qd 2.3.12"
| #define PACKAGE_BUGREPORT "yozo@cs.berkeley.edu"
| #define MAJOR_VERSION 2
| #define MINOR_VERSION 3
| #define PATCH_VERSION 12
| #define PACKAGE "qd"
| #define VERSION "2.3.12"
| #define QD_INLINE 1
| #define QD_SLOPPY_MUL 1
| #define QD_SLOPPY_DIV 1
| /* end confdefs.h.  */
| #include <stdarg.h>
| #include <stdio.h>
| #include <sys/types.h>
| #include <sys/stat.h>
| /* Most of the following tests are stolen from RCS 5.7's src/conf.sh.  */
| struct buf { int x; };
| FILE * (*rcsopen) (struct buf *, struct stat *, int);
| static char *e (p, i)
|      char **p;
|      int i;
| {
|   return p[i];
| }
| static char *f (char * (*g) (char **, int), char **p, ...)
| {
|   char *s;
|   va_list v;
|   va_start (v,p);
|   s = g (p, va_arg (v,int));
|   va_end (v);
|   return s;
| }
| 
| /* OSF 4.0 Compaq cc is some sort of almost-ANSI by default.  It has
|    function prototypes and stuff, but not '\xHH' hex character constants.
|    These don't provoke an error unfortunately, instead are silently treated
|    as 'x'.  The following induces an error, until -std is added to get
|    proper ANSI mode.  Curiously '\x00'!='x' always comes out true, for an
|    array size at least.  It's necessary to write '\x00'==0 to get something
|    that's true only with -std.  */
| int osf4_cc_array ['\x00' == 0 ? 1 : -1];
| 
| /* IBM C 6 for AIX is almost-ANSI by default, but it replaces macro parameters
|    inside strings and character constants.  */
| #define FOO(x) 'x'
| int xlc6_cc_array[FOO(a) == 'x' ? 1 : -1];
| 
| int test (int i, double x);
| struct s1 {int (*f) (int a);};
| struct s2 {int (*f) (double a);};
| int pairnames (int, char **, FILE *(*)(struct buf *, struct stat *, int), int, int);
| int argc;
| char **argv;
| int
| main ()
| {
| return f (e, argv, 0) != argv[0]  ||  f (e, argv, 1) != argv[1];
|   ;
|   return 0;
| }
configure:3929: c++ -Aa -D_HPUX_SOURCE -c -g -O2  conftest.c >&5
<command-line>: error: missing '(' after predicate
conftest.c:23: error: 'p' was not declared in this scope
conftest.c:23: error: 'i' was not declared in this scope
conftest.c:23: error: initializer expression list treated as compound expression
conftest.c:24: error: expected ',' or ';' before 'char'
conftest.c:26: error: expected unqualified-id before '{' token
conftest.c: In function 'int main()':
conftest.c:62: error: cannot convert 'char*' to 'char* (*)(char**, int)' for argument '1' to 'char* f(char* (*)(char**, int), char**, ...)'
conftest.c:62: error: cannot convert 'char*' to 'char* (*)(char**, int)' for argument '1' to 'char* f(char* (*)(char**, int), char**, ...)'
configure:3935: $? = 1
configure: failed program was:
| /* confdefs.h.  */
| #define PACKAGE_NAME "qd"
| #define PACKAGE_TARNAME "qd"
| #define PACKAGE_VERSION "2.3.12"
| #define PACKAGE_STRING "qd 2.3.12"
| #define PACKAGE_BUGREPORT "yozo@cs.berkeley.edu"
| #define MAJOR_VERSION 2
| #define MINOR_VERSION 3
| #define PATCH_VERSION 12
| #define PACKAGE "qd"
| #define VERSION "2.3.12"
| #define QD_INLINE 1
| #define QD_SLOPPY_MUL 1
| #define QD_SLOPPY_DIV 1
| /* end confdefs.h.  */
| #include <stdarg.h>
| #include <stdio.h>
| #include <sys/types.h>
| #include <sys/stat.h>
| /* Most of the following tests are stolen from RCS 5.7's src/conf.sh.  */
| struct buf { int x; };
| FILE * (*rcsopen) (struct buf *, struct stat *, int);
| static char *e (p, i)
|      char **p;
|      int i;
| {
|   return p[i];
| }
| static char *f (char * (*g) (char **, int), char **p, ...)
| {
|   char *s;
|   va_list v;
|   va_start (v,p);
|   s = g (p, va_arg (v,int));
|   va_end (v);
|   return s;
| }
| 
| /* OSF 4.0 Compaq cc is some sort of almost-ANSI by default.  It has
|    function prototypes and stuff, but not '\xHH' hex character constants.
|    These don't provoke an error unfortunately, instead are silently treated
|    as 'x'.  The following induces an error, until -std is added to get
|    proper ANSI mode.  Curiously '\x00'!='x' always comes out true, for an
|    array size at least.  It's necessary to write '\x00'==0 to get something
|    that's true only with -std.  */
| int osf4_cc_array ['\x00' == 0 ? 1 : -1];
| 
| /* IBM C 6 for AIX is almost-ANSI by default, but it replaces macro parameters
|    inside strings and character constants.  */
| #define FOO(x) 'x'
| int xlc6_cc_array[FOO(a) == 'x' ? 1 : -1];
| 
| int test (int i, double x);
| struct s1 {int (*f) (int a);};
| struct s2 {int (*f) (double a);};
| int pairnames (int, char **, FILE *(*)(struct buf *, struct stat *, int), int, int);
| int argc;
| char **argv;
| int
| main ()
| {
| return f (e, argv, 0) != argv[0]  ||  f (e, argv, 1) != argv[1];
|   ;
|   return 0;
| }
configure:3929: c++ -Xc -D__EXTENSIONS__ -c -g -O2  conftest.c >&5
conftest.c:23: error: 'p' was not declared in this scope
conftest.c:23: error: 'i' was not declared in this scope
conftest.c:23: error: initializer expression list treated as compound expression
conftest.c:24: error: expected ',' or ';' before 'char'
conftest.c:26: error: expected unqualified-id before '{' token
conftest.c: In function 'int main()':
conftest.c:62: error: cannot convert 'char*' to 'char* (*)(char**, int)' for argument '1' to 'char* f(char* (*)(char**, int), char**, ...)'
conftest.c:62: error: cannot convert 'char*' to 'char* (*)(char**, int)' for argument '1' to 'char* f(char* (*)(char**, int), char**, ...)'
configure:3935: $? = 1
configure: failed program was:
| /* confdefs.h.  */
| #define PACKAGE_NAME "qd"
| #define PACKAGE_TARNAME "qd"
| #define PACKAGE_VERSION "2.3.12"
| #define PACKAGE_STRING "qd 2.3.12"
| #define PACKAGE_BUGREPORT "yozo@cs.berkeley.edu"
| #define MAJOR_VERSION 2
| #define MINOR_VERSION 3
| #define PATCH_VERSION 12
| #define PACKAGE "qd"
| #define VERSION "2.3.12"
| #define QD_INLINE 1
| #define QD_SLOPPY_MUL 1
| #define QD_SLOPPY_DIV 1
| /* end confdefs.h.  */
| #include <stdarg.h>
| #include <stdio.h>
| #include <sys/types.h>
| #include <sys/stat.h>
| /* Most of the following tests are stolen from RCS 5.7's src/conf.sh.  */
| struct buf { int x; };
| FILE * (*rcsopen) (struct buf *, struct stat *, int);
| static char *e (p, i)
|      char **p;
|      int i;
| {
|   return p[i];
| }
| static char *f (char * (*g) (char **, int), char **p, ...)
| {
|   char *s;
|   va_list v;
|   va_start (v,p);
|   s = g (p, va_arg (v,int));
|   va_end (v);
|   return s;
| }
| 
| /* OSF 4.0 Compaq cc is some sort of almost-ANSI by default.  It has
|    function prototypes and stuff, but not '\xHH' hex character constants.
|    These don't provoke an error unfortunately, instead are silently treated
|    as 'x'.  The following induces an error, until -std is added to get
|    proper ANSI mode.  Curiously '\x00'!='x' always comes out true, for an
|    array size at least.  It's necessary to write '\x00'==0 to get something
|    that's true only with -std.  */
| int osf4_cc_array ['\x00' == 0 ? 1 : -1];
| 
| /* IBM C 6 for AIX is almost-ANSI by default, but it replaces macro parameters
|    inside strings and character constants.  */
| #define FOO(x) 'x'
| int xlc6_cc_array[FOO(a) == 'x' ? 1 : -1];
| 
| int test (int i, double x);
| struct s1 {int (*f) (int a);};
| struct s2 {int (*f) (double a);};
| int pairnames (int, char **, FILE *(*)(struct buf *, struct stat *, int), int, int);
| int argc;
| char **argv;
| int
| main ()
| {
| return f (e, argv, 0) != argv[0]  ||  f (e, argv, 1) != argv[1];
|   ;
|   return 0;
| }
configure:3961: result: unsupported
configure:3978: checking dependency style of c++
configure:4069: result: gcc3
configure:5372: checking how to run the C++ preprocessor
configure:5408: c++ -E  conftest.cpp
configure:5414: $? = 0
configure:5445: c++ -E  conftest.cpp
conftest.cpp:16:28: error: ac_nonexistent.h: No such file or directory
configure:5451: $? = 1
configure: failed program was:
| /* confdefs.h.  */
| #define PACKAGE_NAME "qd"
| #define PACKAGE_TARNAME "qd"
| #define PACKAGE_VERSION "2.3.12"
| #define PACKAGE_STRING "qd 2.3.12"
| #define PACKAGE_BUGREPORT "yozo@cs.berkeley.edu"
| #define MAJOR_VERSION 2
| #define MINOR_VERSION 3
| #define PATCH_VERSION 12
| #define PACKAGE "qd"
| #define VERSION "2.3.12"
| #define QD_INLINE 1
| #define QD_SLOPPY_MUL 1
| #define QD_SLOPPY_DIV 1
| /* end confdefs.h.  */
| #include <ac_nonexistent.h>
configure:5484: result: c++ -E
configure:5513: c++ -E  conftest.cpp
configure:5519: $? = 0
configure:5550: c++ -E  conftest.cpp
conftest.cpp:16:28: error: ac_nonexistent.h: No such file or directory
configure:5556: $? = 1
configure: failed program was:
| /* confdefs.h.  */
| #define PACKAGE_NAME "qd"
| #define PACKAGE_TARNAME "qd"
| #define PACKAGE_VERSION "2.3.12"
| #define PACKAGE_STRING "qd 2.3.12"
| #define PACKAGE_BUGREPORT "yozo@cs.berkeley.edu"
| #define MAJOR_VERSION 2
| #define MINOR_VERSION 3
| #define PATCH_VERSION 12
| #define PACKAGE "qd"
| #define VERSION "2.3.12"
| #define QD_INLINE 1
| #define QD_SLOPPY_MUL 1
| #define QD_SLOPPY_DIV 1
| /* end confdefs.h.  */
| #include <ac_nonexistent.h>
configure:5594: checking for grep that handles long lines and -e
configure:5668: result: /usr/bin/grep
configure:5673: checking for egrep
configure:5751: result: /usr/bin/grep -E
configure:5756: checking for ANSI C header files
configure:5786: c++ -c -O2   conftest.cpp >&5
configure:5792: $? = 0
configure:5891: c++ -o conftest -O2    conftest.cpp  >&5
configure:5894: $? = 0
configure:5900: ./conftest
configure:5903: $? = 0
configure:5920: result: yes
configure:5944: checking for sys/types.h
configure:5965: c++ -c -O2   conftest.cpp >&5
configure:5971: $? = 0
configure:5987: result: yes
configure:5944: checking for sys/stat.h
configure:5965: c++ -c -O2   conftest.cpp >&5
configure:5971: $? = 0
configure:5987: result: yes
configure:5944: checking for stdlib.h
configure:5965: c++ -c -O2   conftest.cpp >&5
configure:5971: $? = 0
configure:5987: result: yes
configure:5944: checking for string.h
configure:5965: c++ -c -O2   conftest.cpp >&5
configure:5971: $? = 0
configure:5987: result: yes
configure:5944: checking for memory.h
configure:5965: c++ -c -O2   conftest.cpp >&5
configure:5971: $? = 0
configure:5987: result: yes
configure:5944: checking for strings.h
configure:5965: c++ -c -O2   conftest.cpp >&5
configure:5971: $? = 0
configure:5987: result: yes
configure:5944: checking for inttypes.h
configure:5965: c++ -c -O2   conftest.cpp >&5
configure:5971: $? = 0
configure:5987: result: yes
configure:5944: checking for stdint.h
configure:5965: c++ -c -O2   conftest.cpp >&5
configure:5971: $? = 0
configure:5987: result: yes
configure:5944: checking for unistd.h
configure:5965: c++ -c -O2   conftest.cpp >&5
configure:5971: $? = 0
configure:5987: result: yes
configure:6014: checking ieeefp.h usability
configure:6031: c++ -c -O2   conftest.cpp >&5
conftest.cpp:59:20: error: ieeefp.h: No such file or directory
configure:6037: $? = 1
configure: failed program was:
| /* confdefs.h.  */
| #define PACKAGE_NAME "qd"
| #define PACKAGE_TARNAME "qd"
| #define PACKAGE_VERSION "2.3.12"
| #define PACKAGE_STRING "qd 2.3.12"
| #define PACKAGE_BUGREPORT "yozo@cs.berkeley.edu"
| #define MAJOR_VERSION 2
| #define MINOR_VERSION 3
| #define PATCH_VERSION 12
| #define PACKAGE "qd"
| #define VERSION "2.3.12"
| #define QD_INLINE 1
| #define QD_SLOPPY_MUL 1
| #define QD_SLOPPY_DIV 1
| #define STDC_HEADERS 1
| #define HAVE_SYS_TYPES_H 1
| #define HAVE_SYS_STAT_H 1
| #define HAVE_STDLIB_H 1
| #define HAVE_STRING_H 1
| #define HAVE_MEMORY_H 1
| #define HAVE_STRINGS_H 1
| #define HAVE_INTTYPES_H 1
| #define HAVE_STDINT_H 1
| #define HAVE_UNISTD_H 1
| /* end confdefs.h.  */
| #include <stdio.h>
| #ifdef HAVE_SYS_TYPES_H
| # include <sys/types.h>
| #endif
| #ifdef HAVE_SYS_STAT_H
| # include <sys/stat.h>
| #endif
| #ifdef STDC_HEADERS
| # include <stdlib.h>
| # include <stddef.h>
| #else
| # ifdef HAVE_STDLIB_H
| #  include <stdlib.h>
| # endif
| #endif
| #ifdef HAVE_STRING_H
| # if !defined STDC_HEADERS && defined HAVE_MEMORY_H
| #  include <memory.h>
| # endif
| # include <string.h>
| #endif
| #ifdef HAVE_STRINGS_H
| # include <strings.h>
| #endif
| #ifdef HAVE_INTTYPES_H
| # include <inttypes.h>
| #endif
| #ifdef HAVE_STDINT_H
| # include <stdint.h>
| #endif
| #ifdef HAVE_UNISTD_H
| # include <unistd.h>
| #endif
| #include <ieeefp.h>
configure:6051: result: no
configure:6055: checking ieeefp.h presence
configure:6070: c++ -E  conftest.cpp
conftest.cpp:26:20: error: ieeefp.h: No such file or directory
configure:6076: $? = 1
configure: failed program was:
| /* confdefs.h.  */
| #define PACKAGE_NAME "qd"
| #define PACKAGE_TARNAME "qd"
| #define PACKAGE_VERSION "2.3.12"
| #define PACKAGE_STRING "qd 2.3.12"
| #define PACKAGE_BUGREPORT "yozo@cs.berkeley.edu"
| #define MAJOR_VERSION 2
| #define MINOR_VERSION 3
| #define PATCH_VERSION 12
| #define PACKAGE "qd"
| #define VERSION "2.3.12"
| #define QD_INLINE 1
| #define QD_SLOPPY_MUL 1
| #define QD_SLOPPY_DIV 1
| #define STDC_HEADERS 1
| #define HAVE_SYS_TYPES_H 1
| #define HAVE_SYS_STAT_H 1
| #define HAVE_STDLIB_H 1
| #define HAVE_STRING_H 1
| #define HAVE_MEMORY_H 1
| #define HAVE_STRINGS_H 1
| #define HAVE_INTTYPES_H 1
| #define HAVE_STDINT_H 1
| #define HAVE_UNISTD_H 1
| /* end confdefs.h.  */
| #include <ieeefp.h>
configure:6090: result: no
configure:6123: checking for ieeefp.h
configure:6131: result: no
configure:6149: checking for stdbool.h that conforms to C99
configure:6242: c++ -c -O2   conftest.cpp >&5
configure:6248: $? = 0
configure:6263: result: yes
configure:6265: checking for _Bool
configure:6295: c++ -c -O2   conftest.cpp >&5
conftest.cpp:59: error: '_Bool' does not name a type
conftest.cpp: In function 'int main()':
conftest.cpp:63: error: 'ac__type_new_' was not declared in this scope
conftest.cpp:63: error: expected primary-expression before ')' token
conftest.cpp:63: error: expected `)' before numeric constant
conftest.cpp:65: error: 'ac__type_new_' was not declared in this scope
configure:6301: $? = 1
configure: failed program was:
| /* confdefs.h.  */
| #define PACKAGE_NAME "qd"
| #define PACKAGE_TARNAME "qd"
| #define PACKAGE_VERSION "2.3.12"
| #define PACKAGE_STRING "qd 2.3.12"
| #define PACKAGE_BUGREPORT "yozo@cs.berkeley.edu"
| #define MAJOR_VERSION 2
| #define MINOR_VERSION 3
| #define PATCH_VERSION 12
| #define PACKAGE "qd"
| #define VERSION "2.3.12"
| #define QD_INLINE 1
| #define QD_SLOPPY_MUL 1
| #define QD_SLOPPY_DIV 1
| #define STDC_HEADERS 1
| #define HAVE_SYS_TYPES_H 1
| #define HAVE_SYS_STAT_H 1
| #define HAVE_STDLIB_H 1
| #define HAVE_STRING_H 1
| #define HAVE_MEMORY_H 1
| #define HAVE_STRINGS_H 1
| #define HAVE_INTTYPES_H 1
| #define HAVE_STDINT_H 1
| #define HAVE_UNISTD_H 1
| /* end confdefs.h.  */
| #include <stdio.h>
| #ifdef HAVE_SYS_TYPES_H
| # include <sys/types.h>
| #endif
| #ifdef HAVE_SYS_STAT_H
| # include <sys/stat.h>
| #endif
| #ifdef STDC_HEADERS
| # include <stdlib.h>
| # include <stddef.h>
| #else
| # ifdef HAVE_STDLIB_H
| #  include <stdlib.h>
| # endif
| #endif
| #ifdef HAVE_STRING_H
| # if !defined STDC_HEADERS && defined HAVE_MEMORY_H
| #  include <memory.h>
| # endif
| # include <string.h>
| #endif
| #ifdef HAVE_STRINGS_H
| # include <strings.h>
| #endif
| #ifdef HAVE_INTTYPES_H
| # include <inttypes.h>
| #endif
| #ifdef HAVE_STDINT_H
| # include <stdint.h>
| #endif
| #ifdef HAVE_UNISTD_H
| # include <unistd.h>
| #endif
| typedef _Bool ac__type_new_;
| int
| main ()
| {
| if ((ac__type_new_ *) 0)
|   return 0;
| if (sizeof (ac__type_new_))
|   return 0;
|   ;
|   return 0;
| }
configure:6316: result: no
configure:6335: checking whether time.h and sys/time.h may both be included
configure:6365: c++ -c -O2   conftest.cpp >&5
configure:6371: $? = 0
configure:6386: result: yes
configure:6396: checking whether struct tm is in sys/time.h or time.h
configure:6426: c++ -c -O2   conftest.cpp >&5
configure:6432: $? = 0
configure:6447: result: time.h
configure:6459: checking whether x86 FPU control code is needed
configure:6472: result: yes
configure:6490: checking fpu_control.h usability
configure:6507: c++ -c -O2   conftest.cpp >&5
conftest.cpp:62:25: error: fpu_control.h: No such file or directory
configure:6513: $? = 1
configure: failed program was:
| /* confdefs.h.  */
| #define PACKAGE_NAME "qd"
| #define PACKAGE_TARNAME "qd"
| #define PACKAGE_VERSION "2.3.12"
| #define PACKAGE_STRING "qd 2.3.12"
| #define PACKAGE_BUGREPORT "yozo@cs.berkeley.edu"
| #define MAJOR_VERSION 2
| #define MINOR_VERSION 3
| #define PATCH_VERSION 12
| #define PACKAGE "qd"
| #define VERSION "2.3.12"
| #define QD_INLINE 1
| #define QD_SLOPPY_MUL 1
| #define QD_SLOPPY_DIV 1
| #define STDC_HEADERS 1
| #define HAVE_SYS_TYPES_H 1
| #define HAVE_SYS_STAT_H 1
| #define HAVE_STDLIB_H 1
| #define HAVE_STRING_H 1
| #define HAVE_MEMORY_H 1
| #define HAVE_STRINGS_H 1
| #define HAVE_INTTYPES_H 1
| #define HAVE_STDINT_H 1
| #define HAVE_UNISTD_H 1
| #define HAVE_STDBOOL_H 1
| #define TIME_WITH_SYS_TIME 1
| #define X86 1
| /* end confdefs.h.  */
| #include <stdio.h>
| #ifdef HAVE_SYS_TYPES_H
| # include <sys/types.h>
| #endif
| #ifdef HAVE_SYS_STAT_H
| # include <sys/stat.h>
| #endif
| #ifdef STDC_HEADERS
| # include <stdlib.h>
| # include <stddef.h>
| #else
| # ifdef HAVE_STDLIB_H
| #  include <stdlib.h>
| # endif
| #endif
| #ifdef HAVE_STRING_H
| # if !defined STDC_HEADERS && defined HAVE_MEMORY_H
| #  include <memory.h>
| # endif
| # include <string.h>
| #endif
| #ifdef HAVE_STRINGS_H
| # include <strings.h>
| #endif
| #ifdef HAVE_INTTYPES_H
| # include <inttypes.h>
| #endif
| #ifdef HAVE_STDINT_H
| # include <stdint.h>
| #endif
| #ifdef HAVE_UNISTD_H
| # include <unistd.h>
| #endif
| #include <fpu_control.h>
configure:6527: result: no
configure:6531: checking fpu_control.h presence
configure:6546: c++ -E  conftest.cpp
conftest.cpp:29:25: error: fpu_control.h: No such file or directory
configure:6552: $? = 1
configure: failed program was:
| /* confdefs.h.  */
| #define PACKAGE_NAME "qd"
| #define PACKAGE_TARNAME "qd"
| #define PACKAGE_VERSION "2.3.12"
| #define PACKAGE_STRING "qd 2.3.12"
| #define PACKAGE_BUGREPORT "yozo@cs.berkeley.edu"
| #define MAJOR_VERSION 2
| #define MINOR_VERSION 3
| #define PATCH_VERSION 12
| #define PACKAGE "qd"
| #define VERSION "2.3.12"
| #define QD_INLINE 1
| #define QD_SLOPPY_MUL 1
| #define QD_SLOPPY_DIV 1
| #define STDC_HEADERS 1
| #define HAVE_SYS_TYPES_H 1
| #define HAVE_SYS_STAT_H 1
| #define HAVE_STDLIB_H 1
| #define HAVE_STRING_H 1
| #define HAVE_MEMORY_H 1
| #define HAVE_STRINGS_H 1
| #define HAVE_INTTYPES_H 1
| #define HAVE_STDINT_H 1
| #define HAVE_UNISTD_H 1
| #define HAVE_STDBOOL_H 1
| #define TIME_WITH_SYS_TIME 1
| #define X86 1
| /* end confdefs.h.  */
| #include <fpu_control.h>
configure:6566: result: no
configure:6599: checking for fpu_control.h
configure:6607: result: no
configure:6627: checking for gettimeofday
configure:6683: c++ -o conftest -O2    conftest.cpp  >&5
configure:6689: $? = 0
configure:6707: result: yes
configure:6718: checking for clock_gettime useability
configure:6741: c++ -c -O2   conftest.cpp >&5
conftest.cpp: In function 'int main()':
conftest.cpp:5: error: 'CLOCK_REALTIME' was not declared in this scope
conftest.cpp:5: error: 'clock_gettime' was not declared in this scope
configure:6747: $? = 1
configure: failed program was:
| 
| #include <time.h>
| int main() {
|   struct timespec tv;
|   return clock_gettime(CLOCK_REALTIME, &tv);
| }
| 
configure:6767: result: no
configure:6860: checking for isnan
configure:6882: c++ -c -O2   conftest.cpp >&5
configure:6888: $? = 0
configure:6893: result: std::isnan
configure:6956: checking for isinf
configure:6978: c++ -c -O2   conftest.cpp >&5
configure:6984: $? = 0
configure:6989: result: std::isinf
configure:7052: checking for isfinite
configure:7074: c++ -c -O2   conftest.cpp >&5
configure:7080: $? = 0
configure:7085: result: std::isfinite
configure:7148: checking for copysign
configure:7170: c++ -c -O2   conftest.cpp >&5
conftest.cpp: In function 'int main()':
conftest.cpp:3: error: 'copysign' is not a member of 'std'
configure:7176: $? = 1
configure: failed program was:
| #include <cmath>
|                    int main() {
|                      std::copysign(1.0, 1.0);
|                      return 0;
|                    }
configure:7206: c++ -c -O2   conftest.cpp >&5
configure:7212: $? = 0
configure:7217: result: ::copysign
configure:7329: checking for xlf95
configure:7359: result: no
configure:7329: checking for ifort
configure:7359: result: no
configure:7329: checking for pathf95
configure:7359: result: no
configure:7329: checking for f95
configure:7359: result: no
configure:7329: checking for gfortran
configure:7359: result: no
configure:7329: checking for g95
configure:7359: result: no
configure:7329: checking for pgf95
configure:7359: result: no
configure:7329: checking for lf95
configure:7359: result: no
configure:7329: checking for fort
configure:7359: result: no
configure:7329: checking for ifc
configure:7359: result: no
configure:7329: checking for efc
configure:7359: result: no
configure:7329: checking for pathf90
configure:7359: result: no
configure:7329: checking for xlf90
configure:7359: result: no
configure:7329: checking for pgf90
configure:7359: result: no
configure:7329: checking for epcf90
configure:7359: result: no
configure:7329: checking for xlf
configure:7359: result: no
configure:7329: checking for f90
configure:7359: result: no
configure:7386: checking for Fortran compiler version
configure:7393:  --version >&5
./configure: line 7394: --version: command not found
configure:7396: $? = 127
configure:7403:  -v >&5
./configure: line 7404: -v: command not found
configure:7406: $? = 127
configure:7413:  -V >&5
./configure: line 7414: -V: command not found
configure:7416: $? = 127
configure:7424: checking whether we are using the GNU Fortran compiler
configure:7443:  -c -O2  conftest.F >&5
./configure: line 7444: -c: command not found
configure:7449: $? = 127
configure: failed program was:
|       program main
| #ifndef __GNUC__
|        choke me
| #endif
| 
|       end
configure:7466: result: no
configure:7472: checking whether  accepts -g
configure:7489:  -c -g  conftest.f >&5
./configure: line 7490: -c: command not found
configure:7495: $? = 127
configure: failed program was:
|       program main
| 
|       end
configure:7511: result: no
configure:8995: checking for ranlib
configure:9011: found /usr/bin/ranlib
configure:9022: result: ranlib
configure:9194: creating ./config.status

## ---------------- ##
## Cache variables. ##
## ---------------- ##

ac_cv_build=i386-apple-darwin11.2.0
ac_cv_c_compiler_gnu=yes
ac_cv_cxx_compiler_gnu=yes
ac_cv_env_CCC_set=
ac_cv_env_CCC_value=
ac_cv_env_CC_set=
ac_cv_env_CC_value=
ac_cv_env_CFLAGS_set=
ac_cv_env_CFLAGS_value=
ac_cv_env_CPPFLAGS_set=
ac_cv_env_CPPFLAGS_value=
ac_cv_env_CXXCPP_set=
ac_cv_env_CXXCPP_value=
ac_cv_env_CXXFLAGS_set=
ac_cv_env_CXXFLAGS_value=
ac_cv_env_CXX_set=
ac_cv_env_CXX_value=
ac_cv_env_FCFLAGS_set=
ac_cv_env_FCFLAGS_value=
ac_cv_env_FC_set=
ac_cv_env_FC_value=
ac_cv_env_LDFLAGS_set=
ac_cv_env_LDFLAGS_value=
ac_cv_env_LIBS_set=
ac_cv_env_LIBS_value=
ac_cv_env_build_alias_set=
ac_cv_env_build_alias_value=
ac_cv_env_host_alias_set=
ac_cv_env_host_alias_value=
ac_cv_env_target_alias_set=
ac_cv_env_target_alias_value=
ac_cv_fc_compiler_gnu=no
ac_cv_func_gettimeofday=yes
ac_cv_header_fpu_control_h=no
ac_cv_header_ieeefp_h=no
ac_cv_header_inttypes_h=yes
ac_cv_header_memory_h=yes
ac_cv_header_stdbool_h=yes
ac_cv_header_stdc=yes
ac_cv_header_stdint_h=yes
ac_cv_header_stdlib_h=yes
ac_cv_header_string_h=yes
ac_cv_header_strings_h=yes
ac_cv_header_sys_stat_h=yes
ac_cv_header_sys_types_h=yes
ac_cv_header_time=yes
ac_cv_header_unistd_h=yes
ac_cv_host=i386-apple-darwin11.2.0
ac_cv_objext=o
ac_cv_path_EGREP='/usr/bin/grep -E'
ac_cv_path_GREP=/usr/bin/grep
ac_cv_path_install='/usr/bin/install -c'
ac_cv_prog_AWK=awk
ac_cv_prog_CXXCPP='c++ -E'
ac_cv_prog_ac_ct_CC=c++
ac_cv_prog_ac_ct_CXX=c++
ac_cv_prog_ac_ct_RANLIB=ranlib
ac_cv_prog_cc_c89=no
ac_cv_prog_cc_g=yes
ac_cv_prog_cxx_g=yes
ac_cv_prog_fc_g=no
ac_cv_prog_make_make_set=yes
ac_cv_struct_tm=time.h
ac_cv_type__Bool=no
am_cv_CC_dependencies_compiler_type=gcc3
am_cv_CXX_dependencies_compiler_type=gcc3

## ----------------- ##
## Output variables. ##
## ----------------- ##

ACLOCAL='${SHELL} /Users/Greggory/Programing/cpp/qd-2.3.12/config/missing --run aclocal-1.10'
AMDEPBACKSLASH='\'
AMDEP_FALSE='#'
AMDEP_TRUE=''
AMTAR='${SHELL} /Users/Greggory/Programing/cpp/qd-2.3.12/config/missing --run tar'
AUTOCONF='${SHELL} /Users/Greggory/Programing/cpp/qd-2.3.12/config/missing --run autoconf'
AUTOHEADER='${SHELL} /Users/Greggory/Programing/cpp/qd-2.3.12/config/missing --run autoheader'
AUTOMAKE='${SHELL} /Users/Greggory/Programing/cpp/qd-2.3.12/config/missing --run automake-1.10'
AWK='awk'
CC='c++'
CCDEPMODE='depmode=gcc3'
CFLAGS='-g -O2'
CONFIGURE_ARGS=''
CPPFLAGS=''
CXX='c++'
CXXCPP='c++ -E'
CXXDEPMODE='depmode=gcc3'
CXXFLAGS='-O2 '
CYGPATH_W='echo'
DEFS='-DHAVE_CONFIG_H'
DEPDIR='.deps'
ECHO_C='ECHO_N=''
ECHO_T=''
EGREP='/usr/bin/grep -E'
ETIME=''
EXEEXT=''
F77=''
FC=''
FCFLAGS='-O2 '
FCLIBS=''
FFLAGS='-O2 '
GREP='/usr/bin/grep'
HAVE_FORTRAN_FALSE=''
HAVE_FORTRAN_TRUE='#'
INSTALL_DATA='${INSTALL} -m 644'
INSTALL_PROGRAM='${INSTALL}'
INSTALL_SCRIPT='${INSTALL}'
INSTALL_STRIP_PROGRAM='$(install_sh) -c -s'
LDFLAGS=''
LIBOBJS=''
LIBS=' -lm'
LTLIBOBJS=''
MAKEINFO='${SHELL} /Users/Greggory/Programing/cpp/qd-2.3.12/config/missing --run makeinfo'
OBJEXT='o'
PACKAGE='qd'
PACKAGE_BUGREPORT='yozo@cs.berkeley.edu'
PACKAGE_NAME='qd'
PACKAGE_STRING='qd 2.3.12'
PACKAGE_TARNAME='qd'
PACKAGE_VERSION='2.3.12'
PATH_SEPARATOR=':'
QD_DEBUG_FALSE=''
QD_DEBUG_TRUE='#'
RANLIB='ranlib'
REQ_CXXFLAGS=''
REQ_FCFLAGS=''
SET_MAKE=''
SHELL='/bin/sh'
STRIP=''
UPCASE_MODULE_FALSE=''
UPCASE_MODULE_TRUE='#'
VERSION='2.3.12'
ac_ct_CC='c++'
ac_ct_CXX='c++'
ac_ct_FC=''
am__fastdepCC_FALSE='#'
am__fastdepCC_TRUE=''
am__fastdepCXX_FALSE='#'
am__fastdepCXX_TRUE=''
am__include='include'
am__isrc=''
am__leading_dot='.'
am__quote=''
am__tar='${AMTAR} chof - "$$tardir"'
am__untar='${AMTAR} xf -'
ax_f90_modflag=''
bindir='${exec_prefix}/bin'
build='i386-apple-darwin11.2.0'
build_alias=''
build_cpu='i386'
build_os='darwin11.2.0'
build_vendor='apple'
datadir='${datarootdir}'
datarootdir='${prefix}/share'
docdir='${datarootdir}/doc/${PACKAGE_TARNAME}'
dvidir='${docdir}'
exec_prefix='${prefix}'
host='i386-apple-darwin11.2.0'
host_alias=''
host_cpu='i386'
host_os='darwin11.2.0'
host_vendor='apple'
htmldir='${docdir}'
includedir='${prefix}/include'
infodir='${datarootdir}/info'
install_sh='$(SHELL) /Users/Greggory/Programing/cpp/qd-2.3.12/config/install-sh'
libdir='${exec_prefix}/lib'
libexecdir='${exec_prefix}/libexec'
localedir='${datarootdir}/locale'
localstatedir='${prefix}/var'
mandir='${datarootdir}/man'
mkdir_p='$(top_builddir)/config/install-sh -c -d'
module_ext=''
oldincludedir='/usr/include'
pdfdir='${docdir}'
prefix='/usr/local'
program_transform_name='s,x,x,'
psdir='${docdir}'
sbindir='${exec_prefix}/sbin'
sharedstatedir='${prefix}/com'
sysconfdir='${prefix}/etc'
target_alias=''

## ----------- ##
## confdefs.h. ##
## ----------- ##

#define PACKAGE_NAME "qd"
#define PACKAGE_TARNAME "qd"
#define PACKAGE_VERSION "2.3.12"
#define PACKAGE_STRING "qd 2.3.12"
#define PACKAGE_BUGREPORT "yozo@cs.berkeley.edu"
#define MAJOR_VERSION 2
#define MINOR_VERSION 3
#define PATCH_VERSION 12
#define PACKAGE "qd"
#define VERSION "2.3.12"
#define QD_INLINE 1
#define QD_SLOPPY_MUL 1
#define QD_SLOPPY_DIV 1
#define STDC_HEADERS 1
#define HAVE_SYS_TYPES_H 1
#define HAVE_SYS_STAT_H 1
#define HAVE_STDLIB_H 1
#define HAVE_STRING_H 1
#define HAVE_MEMORY_H 1
#define HAVE_STRINGS_H 1
#define HAVE_INTTYPES_H 1
#define HAVE_STDINT_H 1
#define HAVE_UNISTD_H 1
#define HAVE_STDBOOL_H 1
#define TIME_WITH_SYS_TIME 1
#define X86 1
#define HAVE_GETTIMEOFDAY 1
#define QD_ISNAN(x) std::isnan(x)
#define QD_ISINF(x) std::isinf(x)
#define QD_ISFINITE(x) std::isfinite(x)
#define QD_COPYSIGN(x, y) ::copysign(x, y)
#define QD_API
#define QD_HAVE_STD 1

configure: exit 0

## ---------------------- ##
## Running config.status. ##
## ---------------------- ##

This file was extended by qd config.status 2.3.12, which was
generated by GNU Autoconf 2.61.  Invocation command line was

  CONFIG_FILES    = 
  CONFIG_HEADERS  = 
  CONFIG_LINKS    = 
  CONFIG_COMMANDS = 
  $ ./config.status 

on sally.phy-astr.gsu.edu

config.status:679: creating Makefile
config.status:679: creating config/Makefile
config.status:679: creating src/Makefile
config.status:679: creating include/Makefile
config.status:679: creating tests/Makefile
config.status:679: creating fortran/Makefile
config.status:679: creating qd-config
config.status:679: creating fortran/second.f
config.status:679: creating config.h
config.status:679: creating include/qd/qd_config.h
config.status:967: executing depfiles commands

## ---------------------- ##
## Running config.status. ##
## ---------------------- ##

This file was extended by qd config.status 2.3.12, which was
generated by GNU Autoconf 2.61.  Invocation command line was

  CONFIG_FILES    = 
  CONFIG_HEADERS  = 
  CONFIG_LINKS    = 
  CONFIG_COMMANDS = 
  $ ./config.status config.h

on sally.phy-astr.gsu.edu

config.status:679: creating config.h
config.status:921: config.h is unchanged
